<?xml version="1.0" encoding="UTF-8"?>
<!-- Generated by org.testng.reporters.JUnitXMLReporter -->
<testsuite hostname="CO-IT005951" ignored="0" name="First test" tests="1" failures="1" timestamp="14 may 2020 20:23:15 GMT" time="260.561" errors="0">
  <testcase name="testTravelocity" time="248.931" classname="com.automation.training.tests.TravelocityTestsOne">
    <failure type="java.lang.AssertionError" message="The system doesn&amp;apos;t display third or more tickets to Las Vegas expected [true] but found [false]">
      <![CDATA[java.lang.AssertionError: The system doesn't display third or more tickets to Las Vegas expected [true] but found [false]
	at com.automation.training.tests.TravelocityTestsOne.testTravelocity(TravelocityTestsOne.java:47)
... Removed 28 stack frames]]>
    </failure>
  </testcase> <!-- testTravelocity -->
</testsuite> <!-- First test -->
