# JRE version: Java(TM) SE Runtime Environment (8.0_241-b07) (build 1.8.0_241-b07)
# Java VM: Java HotSpot(TM) 64-Bit Server VM (25.241-b07 mixed mode windows-amd64 compressed oops)
Heap:
 PSYoungGen      total 75776K, used 24294K [0x000000076bf80000, 0x0000000771400000, 0x00000007c0000000)
  eden space 65024K, 28% used [0x000000076bf80000,0x000000076d17f3b8,0x000000076ff00000)
  from space 10752K, 54% used [0x000000076ff00000,0x00000007704ba7e8,0x0000000770980000)
  to   space 10752K, 0% used [0x0000000770980000,0x0000000770980000,0x0000000771400000)
 ParOldGen       total 173568K, used 104K [0x00000006c3e00000, 0x00000006ce780000, 0x000000076bf80000)
  object space 173568K, 0% used [0x00000006c3e00000,0x00000006c3e1a010,0x00000006ce780000)
 Metaspace       used 18592K, capacity 19362K, committed 19456K, reserved 1067008K
  class space    used 2294K, capacity 2499K, committed 2560K, reserved 1048576K
GC Heap History (6 events):
Event: 7.693 GC heap before
{Heap before GC invocations=1 (full 0):
 PSYoungGen      total 75776K, used 65024K [0x000000076bf80000, 0x0000000771400000, 0x00000007c0000000)
  eden space 65024K, 100% used [0x000000076bf80000,0x000000076ff00000,0x000000076ff00000)
  from space 10752K, 0% used [0x0000000770980000,0x0000000770980000,0x0000000771400000)
  to   space 10752K, 0% used [0x000000076ff00000,0x000000076ff00000,0x0000000770980000)
 ParOldGen       total 173568K, used 0K [0x00000006c3e00000, 0x00000006ce780000, 0x000000076bf80000)
  object space 173568K, 0% used [0x00000006c3e00000,0x00000006c3e00000,0x00000006ce780000)
 Metaspace       used 16598K, capacity 17312K, committed 17408K, reserved 1064960K
  class space    used 2089K, capacity 2288K, committed 2304K, reserved 1048576K
Event: 7.703 GC heap after
Heap after GC invocations=1 (full 0):
 PSYoungGen      total 75776K, used 9926K [0x000000076bf80000, 0x0000000771400000, 0x00000007c0000000)
  eden space 65024K, 0% used [0x000000076bf80000,0x000000076bf80000,0x000000076ff00000)
  from space 10752K, 92% used [0x000000076ff00000,0x00000007708b1920,0x0000000770980000)
  to   space 10752K, 0% used [0x0000000770980000,0x0000000770980000,0x0000000771400000)
 ParOldGen       total 173568K, used 88K [0x00000006c3e00000, 0x00000006ce780000, 0x000000076bf80000)
  object space 173568K, 0% used [0x00000006c3e00000,0x00000006c3e16010,0x00000006ce780000)
 Metaspace       used 16598K, capacity 17312K, committed 17408K, reserved 1064960K
  class space    used 2089K, capacity 2288K, committed 2304K, reserved 1048576K
}
Event: 21.442 GC heap before
{Heap before GC invocations=2 (full 0):
 PSYoungGen      total 75776K, used 74950K [0x000000076bf80000, 0x0000000771400000, 0x00000007c0000000)
  eden space 65024K, 100% used [0x000000076bf80000,0x000000076ff00000,0x000000076ff00000)
  from space 10752K, 92% used [0x000000076ff00000,0x00000007708b1920,0x0000000770980000)
  to   space 10752K, 0% used [0x0000000770980000,0x0000000770980000,0x0000000771400000)
 ParOldGen       total 173568K, used 88K [0x00000006c3e00000, 0x00000006ce780000, 0x000000076bf80000)
  object space 173568K, 0% used [0x00000006c3e00000,0x00000006c3e16010,0x00000006ce780000)
 Metaspace       used 18182K, capacity 18958K, committed 19200K, reserved 1067008K
  class space    used 2272K, capacity 2489K, committed 2560K, reserved 1048576K
Event: 21.450 GC heap after
Heap after GC invocations=2 (full 0):
 PSYoungGen      total 75776K, used 6259K [0x000000076bf80000, 0x0000000771400000, 0x00000007c0000000)
  eden space 65024K, 0% used [0x000000076bf80000,0x000000076bf80000,0x000000076ff00000)
  from space 10752K, 58% used [0x0000000770980000,0x0000000770f9cdc8,0x0000000771400000)
  to   space 10752K, 0% used [0x000000076ff00000,0x000000076ff00000,0x0000000770980000)
 ParOldGen       total 173568K, used 96K [0x00000006c3e00000, 0x00000006ce780000, 0x000000076bf80000)
  object space 173568K, 0% used [0x00000006c3e00000,0x00000006c3e18010,0x00000006ce780000)
 Metaspace       used 18182K, capacity 18958K, committed 19200K, reserved 1067008K
  class space    used 2272K, capacity 2489K, committed 2560K, reserved 1048576K
}
Event: 161.604 GC heap before
{Heap before GC invocations=3 (full 0):
 PSYoungGen      total 75776K, used 71283K [0x000000076bf80000, 0x0000000771400000, 0x00000007c0000000)
  eden space 65024K, 100% used [0x000000076bf80000,0x000000076ff00000,0x000000076ff00000)
  from space 10752K, 58% used [0x0000000770980000,0x0000000770f9cdc8,0x0000000771400000)
  to   space 10752K, 0% used [0x000000076ff00000,0x000000076ff00000,0x0000000770980000)
 ParOldGen       total 173568K, used 96K [0x00000006c3e00000, 0x00000006ce780000, 0x000000076bf80000)
  object space 173568K, 0% used [0x00000006c3e00000,0x00000006c3e18010,0x00000006ce780000)
 Metaspace       used 18512K, capacity 19278K, committed 19456K, reserved 1067008K
  class space    used 2293K, capacity 2499K, committed 2560K, reserved 1048576K
Event: 161.610 GC heap after
Heap after GC invocations=3 (full 0):
 PSYoungGen      total 75776K, used 5865K [0x000000076bf80000, 0x0000000771400000, 0x00000007c0000000)
  eden space 65024K, 0% used [0x000000076bf80000,0x000000076bf80000,0x000000076ff00000)
  from space 10752K, 54% used [0x000000076ff00000,0x00000007704ba7e8,0x0000000770980000)
  to   space 10752K, 0% used [0x0000000770980000,0x0000000770980000,0x0000000771400000)
 ParOldGen       total 173568K, used 104K [0x00000006c3e00000, 0x00000006ce780000, 0x000000076bf80000)
  object space 173568K, 0% used [0x00000006c3e00000,0x00000006c3e1a010,0x00000006ce780000)
 Metaspace       used 18512K, capacity 19278K, committed 19456K, reserved 1067008K
  class space    used 2293K, capacity 2499K, committed 2560K, reserved 1048576K
}

