<?xml version="1.0" encoding="UTF-8"?>
<!-- Generated by org.testng.reporters.JUnitXMLReporter -->
<testsuite hostname="CO-IT005951" ignored="0" name="Default test" tests="12" failures="0" timestamp="10 may 2021 02:40:56 GMT" time="0.147" errors="0">
  <testcase name="@BeforeClass beforeSuite" time="0.0" classname="com.automation.training.tests.BaseTestTravel">
    <failure type="org.testng.TestNGException" message="
Parameter &amp;apos;browser&amp;apos; is required by BeforeClass on method beforeSuite but has not been marked @Optional or defined
in C:\Users\wilson.angel\AppData\Local\Temp\testng-eclipse-808381358\testng-customsuite.xml">
      <![CDATA[org.testng.TestNGException: 
Parameter 'browser' is required by BeforeClass on method beforeSuite but has not been marked @Optional or defined
in C:\Users\wilson.angel\AppData\Local\Temp\testng-eclipse-808381358\testng-customsuite.xml
	at org.testng.internal.Parameters.createParameters(Parameters.java:199)
	at org.testng.internal.Parameters.createParameters(Parameters.java:443)
	at org.testng.internal.Parameters.createConfigurationParameters(Parameters.java:118)
	at org.testng.internal.Invoker.invokeConfigurations(Invoker.java:203)
	at org.testng.internal.Invoker.invokeConfigurations(Invoker.java:144)
	at org.testng.internal.TestMethodWorker.invokeBeforeClassMethods(TestMethodWorker.java:169)
	at org.testng.internal.TestMethodWorker.run(TestMethodWorker.java:108)
	at org.testng.TestRunner.privateRun(TestRunner.java:756)
	at org.testng.TestRunner.run(TestRunner.java:610)
	at org.testng.SuiteRunner.runTest(SuiteRunner.java:387)
	at org.testng.SuiteRunner.runSequentially(SuiteRunner.java:382)
	at org.testng.SuiteRunner.privateRun(SuiteRunner.java:340)
	at org.testng.SuiteRunner.run(SuiteRunner.java:289)
	at org.testng.SuiteRunnerWorker.runSuite(SuiteRunnerWorker.java:52)
	at org.testng.SuiteRunnerWorker.run(SuiteRunnerWorker.java:86)
	at org.testng.TestNG.runSuitesSequentially(TestNG.java:1293)
	at org.testng.TestNG.runSuitesLocally(TestNG.java:1218)
	at org.testng.TestNG.runSuites(TestNG.java:1133)
	at org.testng.TestNG.run(TestNG.java:1104)
	at org.testng.remote.AbstractRemoteTestNG.run(AbstractRemoteTestNG.java:132)
	at org.testng.remote.RemoteTestNG.initAndRun(RemoteTestNG.java:236)
	at org.testng.remote.RemoteTestNG.main(RemoteTestNG.java:81)
]]>
    </failure>
  </testcase> <!-- @BeforeClass beforeSuite -->
  <testcase name="test2ADropDownSorting" time="0.011" classname="com.automation.training.tests.TravelocityTestsOne">
    <skipped/>
  </testcase> <!-- test2ADropDownSorting -->
  <testcase name="test2ADropDownSorting" time="0.003" classname="com.automation.training.tests.TravelocityTestsOne">
    <skipped/>
  </testcase> <!-- test2ADropDownSorting -->
  <testcase name="test2ADropDownSorting" time="0.001" classname="com.automation.training.tests.TravelocityTestsOne">
    <skipped/>
  </testcase> <!-- test2ADropDownSorting -->
  <testcase name="test2ADropDownSorting" time="0.003" classname="com.automation.training.tests.TravelocityTestsOne">
    <skipped/>
  </testcase> <!-- test2ADropDownSorting -->
  <testcase name="testTravelocityFromToAndDataPicker" time="0.002" classname="com.automation.training.tests.TravelocityTestsOne">
    <skipped/>
  </testcase> <!-- testTravelocityFromToAndDataPicker -->
  <testcase name="test3SortingByDurationShorter" time="0.001" classname="com.automation.training.tests.TravelocityTestsOne">
    <skipped/>
  </testcase> <!-- test3SortingByDurationShorter -->
  <testcase name="test4SelectFirstResult" time="0.001" classname="com.automation.training.tests.TravelocityTestsOne">
    <skipped/>
  </testcase> <!-- test4SelectFirstResult -->
  <testcase name="test5SelectThirdResult" time="0.001" classname="com.automation.training.tests.TravelocityTestsOne">
    <skipped/>
  </testcase> <!-- test5SelectThirdResult -->
  <testcase name="test6VerifyTripDetails" time="0.002" classname="com.automation.training.tests.TravelocityTestsOne">
    <skipped/>
  </testcase> <!-- test6VerifyTripDetails -->
  <testcase name="test7_8" time="0.001" classname="com.automation.training.tests.TravelocityTestsOne">
    <skipped/>
  </testcase> <!-- test7_8 -->
  <testcase name="test2CFlightDurationIsPresentOnEveryResult" time="0.001" classname="com.automation.training.tests.TravelocityTestsOne">
    <skipped/>
  </testcase> <!-- test2CFlightDurationIsPresentOnEveryResult -->
  <testcase name="test2DsearchResultsAndDetailsAndBags" time="0.001" classname="com.automation.training.tests.TravelocityTestsOne">
    <skipped/>
  </testcase> <!-- test2DsearchResultsAndDetailsAndBags -->
</testsuite> <!-- Default test -->
