<?xml version="1.0" encoding="UTF-8"?>
<!-- Generated by org.testng.reporters.JUnitXMLReporter -->
<testsuite hostname="CO-IT005951" ignored="8" name="Travelocity tests" tests="4" failures="0" timestamp="10 may 2021 04:23:24 GMT" time="46.743" errors="0">
  <testcase name="test2ADropDownSorting" time="11.544" classname="com.automation.training.tests.TravelocityTestsOne"/>
  <testcase name="test2ADropDownSorting" time="8.293" classname="com.automation.training.tests.TravelocityTestsOne"/>
  <testcase name="test2ADropDownSorting" time="7.888" classname="com.automation.training.tests.TravelocityTestsOne"/>
  <testcase name="test2ADropDownSorting" time="8.187" classname="com.automation.training.tests.TravelocityTestsOne"/>
  <testcase name="test3SortingByDurationShorter" time="0.0" classname="com.automation.training.tests.TravelocityTestsOne">
    <ignored/>
  </testcase> <!-- test3SortingByDurationShorter -->
  <testcase name="test5SelectThirdResult" time="0.0" classname="com.automation.training.tests.TravelocityTestsOne">
    <ignored/>
  </testcase> <!-- test5SelectThirdResult -->
  <testcase name="test2CFlightDurationIsPresentOnEveryResult" time="0.0" classname="com.automation.training.tests.TravelocityTestsOne">
    <ignored/>
  </testcase> <!-- test2CFlightDurationIsPresentOnEveryResult -->
  <testcase name="testTravelocityFromToAndDataPicker" time="0.0" classname="com.automation.training.tests.TravelocityTestsOne">
    <ignored/>
  </testcase> <!-- testTravelocityFromToAndDataPicker -->
  <testcase name="test2DsearchResultsAndDetailsAndBags" time="0.0" classname="com.automation.training.tests.TravelocityTestsOne">
    <ignored/>
  </testcase> <!-- test2DsearchResultsAndDetailsAndBags -->
  <testcase name="test4SelectFirstResult" time="0.0" classname="com.automation.training.tests.TravelocityTestsOne">
    <ignored/>
  </testcase> <!-- test4SelectFirstResult -->
  <testcase name="test7_8" time="0.0" classname="com.automation.training.tests.TravelocityTestsOne">
    <ignored/>
  </testcase> <!-- test7_8 -->
  <testcase name="test6VerifyTripDetails" time="0.0" classname="com.automation.training.tests.TravelocityTestsOne">
    <ignored/>
  </testcase> <!-- test6VerifyTripDetails -->
</testsuite> <!-- Travelocity tests -->
