<?xml version="1.0" encoding="UTF-8"?>
<testng-results skipped="0" failed="0" ignored="8" total="9" passed="1">
  <reporter-output>
    <line>
      <![CDATA[[INFO 2021-05-10] click in fligts]]>
    </line>
    <line>
      <![CDATA[[INFO 2021-05-10] click in RoundTrip]]>
    </line>
    <line>
      <![CDATA[[INFO 2021-05-10] Click: [[ChromeDriver: chrome on WINDOWS (ec62397d33444c2e94794e972eaecbc4)] -> css selector: a[aria-controls*='roundtrip']]]]>
    </line>
    <line>
      <![CDATA[[INFO 2021-05-10] Click: [[ChromeDriver: chrome on WINDOWS (ec62397d33444c2e94794e972eaecbc4)] -> css selector: button[aria-label*='Leaving from']]]]>
    </line>
    <line>
      <![CDATA[[INFO 2021-05-10] Click: [[ChromeDriver: chrome on WINDOWS (ec62397d33444c2e94794e972eaecbc4)] -> id: location-field-leg1-origin]]]>
    </line>
    <line>
      <![CDATA[[INFO 2021-05-10] Writing: LAS]]>
    </line>
    <line>
      <![CDATA[[INFO 2021-05-10] Click: [[ChromeDriver: chrome on WINDOWS (ec62397d33444c2e94794e972eaecbc4)] -> css selector: div[data-stid*='origin'] li[data-index='0'] button]]]>
    </line>
    <line>
      <![CDATA[[INFO 2021-05-10] Click: [[ChromeDriver: chrome on WINDOWS (ec62397d33444c2e94794e972eaecbc4)] -> css selector: button[aria-label='Going to']]]]>
    </line>
    <line>
      <![CDATA[[INFO 2021-05-10] Click: [[ChromeDriver: chrome on WINDOWS (ec62397d33444c2e94794e972eaecbc4)] -> id: location-field-leg1-destination]]]>
    </line>
    <line>
      <![CDATA[[INFO 2021-05-10] Writing: LAX]]>
    </line>
    <line>
      <![CDATA[[INFO 2021-05-10] Click: [[ChromeDriver: chrome on WINDOWS (ec62397d33444c2e94794e972eaecbc4)] -> css selector: div[data-stid*='destination'] li[data-index='0'] button]]]>
    </line>
    <line>
      <![CDATA[[INFO 2021-05-10] Opcion enviada: LAS]]>
    </line>
    <line>
      <![CDATA[[INFO 2021-05-10] Click: [[ChromeDriver: chrome on WINDOWS (ec62397d33444c2e94794e972eaecbc4)] -> id: d1-btn]]]>
    </line>
    <line>
      <![CDATA[[INFO 2021-05-10] Click: [[ChromeDriver: chrome on WINDOWS (ec62397d33444c2e94794e972eaecbc4)] -> css selector: button[data-stid='date-picker-paging']:nth-child(2)]]]>
    </line>
    <line>
      <![CDATA[[INFO 2021-05-10] Click: [[ChromeDriver: chrome on WINDOWS (ec62397d33444c2e94794e972eaecbc4)] -> css selector: button[data-stid='date-picker-paging']:nth-child(2)]]]>
    </line>
    <line>
      <![CDATA[[INFO 2021-05-10] Click: Proxy element for: DefaultElementLocator 'By.cssSelector: button[data-stid='apply-date-picker'] >span']]>
    </line>
    <line>
      <![CDATA[[INFO 2021-05-10] Click: Proxy element for: DefaultElementLocator 'By.cssSelector: button[data-testid='submit-button']']]>
    </line>
  </reporter-output>
  <suite name="Test suite Travelocity" duration-ms="22453" started-at="2021-05-10T05:27:13Z" finished-at="2021-05-10T05:27:36Z">
    <groups>
    </groups>
    <test name="Travelocity tests" duration-ms="22453" started-at="2021-05-10T05:27:13Z" finished-at="2021-05-10T05:27:36Z">
      <class name="com.automation.training.tests.TravelocityTestsOne">
        <test-method status="PASS" signature="beforeSuite(java.lang.String)[pri:0, instance:com.automation.training.tests.TravelocityTestsOne@5f9d02cb]" name="beforeSuite" is-config="true" duration-ms="13028" started-at="2021-05-10T00:27:13Z" finished-at="2021-05-10T00:27:26Z">
          <params>
            <param index="0">
              <value>
                <![CDATA[chrome]]>
              </value>
            </param>
          </params>
          <reporter-output>
          </reporter-output>
        </test-method> <!-- beforeSuite -->
        <test-method status="PASS" signature="testTravelocityFromToAndDataPicker(java.lang.String, java.lang.String, java.lang.String, java.lang.String, java.lang.String, java.lang.String, java.lang.String, java.lang.String, java.lang.String, java.lang.String)[pri:1, instance:com.automation.training.tests.TravelocityTestsOne@5f9d02cb]" name="testTravelocityFromToAndDataPicker" duration-ms="8587" started-at="2021-05-10T00:27:26Z" finished-at="2021-05-10T00:27:35Z">
          <params>
            <param index="0">
              <value>
                <![CDATA[LAS]]>
              </value>
            </param>
            <param index="1">
              <value>
                <![CDATA[LAX]]>
              </value>
            </param>
            <param index="2">
              <value>
                <![CDATA[Wilson]]>
              </value>
            </param>
            <param index="3">
              <value>
                <![CDATA[Angel]]>
              </value>
            </param>
            <param index="4">
              <value>
                <![CDATA[Lopez]]>
              </value>
            </param>
            <param index="5">
              <value>
                <![CDATA[3174253892]]>
              </value>
            </param>
            <param index="6">
              <value>
                <![CDATA[1]]>
              </value>
            </param>
            <param index="7">
              <value>
                <![CDATA[3]]>
              </value>
            </param>
            <param index="8">
              <value>
                <![CDATA[Las Vegas, NV (LAS-McCarran Intl.)]]>
              </value>
            </param>
            <param index="9">
              <value>
                <![CDATA[Los Angeles, California]]>
              </value>
            </param>
          </params>
          <reporter-output>
            <line>
              <![CDATA[[INFO 2021-05-10] click in fligts]]>
            </line>
            <line>
              <![CDATA[[INFO 2021-05-10] click in RoundTrip]]>
            </line>
            <line>
              <![CDATA[[INFO 2021-05-10] Click: [[ChromeDriver: chrome on WINDOWS (ec62397d33444c2e94794e972eaecbc4)] -> css selector: a[aria-controls*='roundtrip']]]]>
            </line>
            <line>
              <![CDATA[[INFO 2021-05-10] Click: [[ChromeDriver: chrome on WINDOWS (ec62397d33444c2e94794e972eaecbc4)] -> css selector: button[aria-label*='Leaving from']]]]>
            </line>
            <line>
              <![CDATA[[INFO 2021-05-10] Click: [[ChromeDriver: chrome on WINDOWS (ec62397d33444c2e94794e972eaecbc4)] -> id: location-field-leg1-origin]]]>
            </line>
            <line>
              <![CDATA[[INFO 2021-05-10] Writing: LAS]]>
            </line>
            <line>
              <![CDATA[[INFO 2021-05-10] Click: [[ChromeDriver: chrome on WINDOWS (ec62397d33444c2e94794e972eaecbc4)] -> css selector: div[data-stid*='origin'] li[data-index='0'] button]]]>
            </line>
            <line>
              <![CDATA[[INFO 2021-05-10] Click: [[ChromeDriver: chrome on WINDOWS (ec62397d33444c2e94794e972eaecbc4)] -> css selector: button[aria-label='Going to']]]]>
            </line>
            <line>
              <![CDATA[[INFO 2021-05-10] Click: [[ChromeDriver: chrome on WINDOWS (ec62397d33444c2e94794e972eaecbc4)] -> id: location-field-leg1-destination]]]>
            </line>
            <line>
              <![CDATA[[INFO 2021-05-10] Writing: LAX]]>
            </line>
            <line>
              <![CDATA[[INFO 2021-05-10] Click: [[ChromeDriver: chrome on WINDOWS (ec62397d33444c2e94794e972eaecbc4)] -> css selector: div[data-stid*='destination'] li[data-index='0'] button]]]>
            </line>
            <line>
              <![CDATA[[INFO 2021-05-10] Opcion enviada: LAS]]>
            </line>
            <line>
              <![CDATA[[INFO 2021-05-10] Click: [[ChromeDriver: chrome on WINDOWS (ec62397d33444c2e94794e972eaecbc4)] -> id: d1-btn]]]>
            </line>
            <line>
              <![CDATA[[INFO 2021-05-10] Click: [[ChromeDriver: chrome on WINDOWS (ec62397d33444c2e94794e972eaecbc4)] -> css selector: button[data-stid='date-picker-paging']:nth-child(2)]]]>
            </line>
            <line>
              <![CDATA[[INFO 2021-05-10] Click: [[ChromeDriver: chrome on WINDOWS (ec62397d33444c2e94794e972eaecbc4)] -> css selector: button[data-stid='date-picker-paging']:nth-child(2)]]]>
            </line>
            <line>
              <![CDATA[[INFO 2021-05-10] Click: Proxy element for: DefaultElementLocator 'By.cssSelector: button[data-stid='apply-date-picker'] >span']]>
            </line>
            <line>
              <![CDATA[[INFO 2021-05-10] Click: Proxy element for: DefaultElementLocator 'By.cssSelector: button[data-testid='submit-button']']]>
            </line>
          </reporter-output>
        </test-method> <!-- testTravelocityFromToAndDataPicker -->
        <test-method status="PASS" signature="afterSuite()[pri:0, instance:com.automation.training.tests.TravelocityTestsOne@5f9d02cb]" name="afterSuite" is-config="true" duration-ms="819" started-at="2021-05-10T00:27:35Z" finished-at="2021-05-10T00:27:36Z">
          <reporter-output>
          </reporter-output>
        </test-method> <!-- afterSuite -->
      </class> <!-- com.automation.training.tests.TravelocityTestsOne -->
    </test> <!-- Travelocity tests -->
  </suite> <!-- Test suite Travelocity -->
</testng-results>
